create-starter-kit-demo-capacitive-watermark-st-iiwa
--> delete all devices
--> calling create_full_capacitive_device.sh
--> created device is 63d38c4626c0473a3425e5fb
--> calling create_only_voltage_monitor_sensor.sh 63d38c4626c0473a3425e5fb
--> copy empty IIWA configuration files from /home/pi/intel-irris-waziapp/config/empty
--> add 63d38c4626c0473a3425e5fb to IIWA
--> set default configuration for 63d38c4626c0473a3425e5fb in IIWA
--> make 63d38c4626c0473a3425e5fb the active device for IIWA
--> calling create_full_tensiometer_device_with_dev_addr.sh 2 B1
--> created device is 63d38c4b26c0473a3425e5ff
--> calling create_only_temperature_sensor.sh 63d38c4b26c0473a3425e5ff
--> calling create_only_voltage_monitor_sensor.sh 63d38c4b26c0473a3425e5ff
--> add 63d38c4b26c0473a3425e5ff to IIWA
--> set default configuration for 63d38c4b26c0473a3425e5ff in IIWA
--> copy new IIWA configuration files to IIWA config folder
create-starter-kit-demo-capacitive-watermark-st-iiwa
--> delete all devices
--> calling create_full_capacitive_device.sh
--> created device is 63d38d9d26c0473ae456730f
--> calling create_only_voltage_monitor_sensor.sh 63d38d9d26c0473ae456730f
--> copy empty IIWA configuration files from /home/pi/intel-irris-waziapp/config/empty
--> add 63d38d9d26c0473ae456730f to IIWA
--> set default configuration for 63d38d9d26c0473ae456730f in IIWA
--> make 63d38d9d26c0473ae456730f the active device for IIWA
--> calling create_full_tensiometer_device_with_dev_addr.sh 2 B1
--> created device is 63d38da226c0473ae4567313
--> calling create_only_temperature_sensor.sh 63d38da226c0473ae4567313
--> calling create_only_voltage_monitor_sensor.sh 63d38da226c0473ae4567313
--> add 63d38da226c0473ae4567313 to IIWA
--> set default configuration for 63d38da226c0473ae4567313 in IIWA
--> copy new IIWA configuration files to IIWA config folder
create-starter-kit-demo-capacitive-watermark-st-iiwa
--> delete all devices
--> calling create_full_capacitive_device.sh
--> created device is 640af6b426c0472b782827d6
--> calling create_only_voltage_monitor_sensor.sh 640af6b426c0472b782827d6
--> copy empty IIWA configuration files from /home/pi/intel-irris-waziapp/config/empty
--> add 640af6b426c0472b782827d6 to IIWA
--> set default configuration for 640af6b426c0472b782827d6 in IIWA
--> calling create_full_tensiometer_device_with_dev_addr.sh 2 B1
--> created device is 640af6bc26c0472b782827da
--> calling create_only_temperature_sensor.sh 640af6bc26c0472b782827da
--> calling create_only_voltage_monitor_sensor.sh 640af6bc26c0472b782827da
--> add 640af6bc26c0472b782827da to IIWA
--> set default configuration for 640af6bc26c0472b782827da in IIWA
--> copy new IIWA configuration files to IIWA config folder
